--------------------------------------------------------------------------------
Release 14.7 Trace  (nt64)
Copyright (c) 1995-2013 Xilinx, Inc.  All rights reserved.

C:\Xilinx\14.7\ISE_DS\ISE\bin\nt64\unwrapped\trce.exe -intstyle ise -v 3 -s 3
-n 3 -fastpaths -xml lab4.twx lab4.ncd -o lab4.twr lab4.pcf -ucf lab4pin.ucf

Design file:              lab4.ncd
Physical constraint file: lab4.pcf
Device,package,speed:     xc6slx9,tqg144,C,-3 (PRODUCTION 1.23 2013-10-13)
Report level:             verbose report

Environment Variable      Effect 
--------------------      ------ 
NONE                      No environment variables were set
--------------------------------------------------------------------------------

INFO:Timing:2698 - No timing constraints found, doing default enumeration.
INFO:Timing:3412 - To improve timing, see the Timing Closure User Guide (UG612).
INFO:Timing:2752 - To get complete path coverage, use the unconstrained paths 
   option. All paths that are not constrained will be reported in the 
   unconstrained paths section(s) of the report.
INFO:Timing:3339 - The clock-to-out numbers in this timing report are based on 
   a 50 Ohm transmission line loading model.  For the details of this model, 
   and for more information on accounting for different loading conditions, 
   please see the device datasheet.



Data Sheet report:
-----------------
All values displayed in nanoseconds (ns)

Pad to Pad
---------------+---------------+---------+
Source Pad     |Destination Pad|  Delay  |
---------------+---------------+---------+
SW0_P66        |LED0_P82       |    7.477|
SW0_P66        |LED1_P81       |    7.827|
SW0_P66        |LED2_P80       |    7.863|
SW1_P62        |LED0_P82       |    7.900|
SW1_P62        |LED1_P81       |    7.920|
SW1_P62        |LED2_P80       |    7.956|
SW2_P61        |LED1_P81       |    8.074|
SW2_P61        |LED2_P80       |    7.775|
SW3_P59        |LED1_P81       |    8.504|
SW3_P59        |LED2_P80       |    8.205|
---------------+---------------+---------+


Analysis completed Sun Sep 15 20:25:01 2019 
--------------------------------------------------------------------------------

Trace Settings:
-------------------------
Trace Settings 

Peak Memory Usage: 4572 MB



