Release 14.7 - xst P.20131013 (nt64)
Copyright (c) 1995-2013 Xilinx, Inc.  All rights reserved.
--> Parameter TMPDIR set to xst/projnav.tmp


Total REAL time to Xst completion: 0.00 secs
Total CPU time to Xst completion: 0.13 secs
 
--> Parameter xsthdpdir set to xst


Total REAL time to Xst completion: 0.00 secs
Total CPU time to Xst completion: 0.13 secs
 
--> Reading design: ALU_8bit.prj

TABLE OF CONTENTS
  1) Synthesis Options Summary
  2) HDL Parsing
  3) HDL Elaboration
  4) HDL Synthesis
       4.1) HDL Synthesis Report
  5) Advanced HDL Synthesis
       5.1) Advanced HDL Synthesis Report
  6) Low Level Synthesis
  7) Partition Report
  8) Design Summary
       8.1) Primitive and Black Box Usage
       8.2) Device utilization summary
       8.3) Partition Resource Summary
       8.4) Timing Report
            8.4.1) Clock Information
            8.4.2) Asynchronous Control Signals Information
            8.4.3) Timing Summary
            8.4.4) Timing Details
            8.4.5) Cross Clock Domains Report


=========================================================================
*                      Synthesis Options Summary                        *
=========================================================================
---- Source Parameters
Input File Name                    : "ALU_8bit.prj"
Ignore Synthesis Constraint File   : NO

---- Target Parameters
Output File Name                   : "ALU_8bit"
Output Format                      : NGC
Target Device                      : xc6slx9-3-tqg144

---- Source Options
Top Module Name                    : ALU_8bit
Automatic FSM Extraction           : YES
FSM Encoding Algorithm             : Auto
Safe Implementation                : No
FSM Style                          : LUT
RAM Extraction                     : Yes
RAM Style                          : Auto
ROM Extraction                     : Yes
Shift Register Extraction          : YES
ROM Style                          : Auto
Resource Sharing                   : YES
Asynchronous To Synchronous        : NO
Shift Register Minimum Size        : 2
Use DSP Block                      : Auto
Automatic Register Balancing       : No

---- Target Options
LUT Combining                      : Auto
Reduce Control Sets                : Auto
Add IO Buffers                     : YES
Global Maximum Fanout              : 100000
Add Generic Clock Buffer(BUFG)     : 16
Register Duplication               : YES
Optimize Instantiated Primitives   : NO
Use Clock Enable                   : Auto
Use Synchronous Set                : Auto
Use Synchronous Reset              : Auto
Pack IO Registers into IOBs        : Auto
Equivalent register Removal        : YES

---- General Options
Optimization Goal                  : Speed
Optimization Effort                : 1
Power Reduction                    : NO
Keep Hierarchy                     : No
Netlist Hierarchy                  : As_Optimized
RTL Output                         : Yes
Global Optimization                : AllClockNets
Read Cores                         : YES
Write Timing Constraints           : NO
Cross Clock Analysis               : NO
Hierarchy Separator                : /
Bus Delimiter                      : <>
Case Specifier                     : Maintain
Slice Utilization Ratio            : 100
BRAM Utilization Ratio             : 100
DSP48 Utilization Ratio            : 100
Auto BRAM Packing                  : NO
Slice Utilization Ratio Delta      : 5

=========================================================================


=========================================================================
*                          HDL Parsing                                  *
=========================================================================
Analyzing Verilog file "C:\AllLab\Lab9\ALU_8bit.v" into library work
Parsing module <ALU_8bit>.
Parsing module <Add_8bit>.
Parsing module <Sub_8bit>.
Parsing module <Xor_8bit>.
Parsing module <Shf_8bit>.
Parsing module <Decoder4to2>.
Parsing module <Mux4to1>.

=========================================================================
*                            HDL Elaboration                            *
=========================================================================

Elaborating module <ALU_8bit>.

Elaborating module <Add_8bit>.

Elaborating module <Sub_8bit>.

Elaborating module <Xor_8bit>.

Elaborating module <Shf_8bit>.

Elaborating module <Decoder4to2>.

Elaborating module <Mux4to1>.

=========================================================================
*                           HDL Synthesis                               *
=========================================================================

Synthesizing Unit <ALU_8bit>.
    Related source file is "C:\AllLab\Lab9\ALU_8bit.v".
    Summary:
	no macro.
Unit <ALU_8bit> synthesized.

Synthesizing Unit <Add_8bit>.
    Related source file is "C:\AllLab\Lab9\ALU_8bit.v".
    Found 8-bit adder for signal <RES> created at line 45.
    Summary:
	inferred   1 Adder/Subtractor(s).
Unit <Add_8bit> synthesized.

Synthesizing Unit <Sub_8bit>.
    Related source file is "C:\AllLab\Lab9\ALU_8bit.v".
    Found 8-bit subtractor for signal <RES> created at line 52.
    Summary:
	inferred   1 Adder/Subtractor(s).
Unit <Sub_8bit> synthesized.

Synthesizing Unit <Xor_8bit>.
    Related source file is "C:\AllLab\Lab9\ALU_8bit.v".
    Summary:
Unit <Xor_8bit> synthesized.

Synthesizing Unit <Shf_8bit>.
    Related source file is "C:\AllLab\Lab9\ALU_8bit.v".
WARNING:Xst:647 - Input <A<7:7>> is never used. This port will be preserved and left unconnected if it belongs to a top-level block or it belongs to a sub-block and the hierarchy of this sub-block is preserved.
    Summary:
	no macro.
Unit <Shf_8bit> synthesized.

Synthesizing Unit <Decoder4to2>.
    Related source file is "C:\AllLab\Lab9\ALU_8bit.v".
    Summary:
	no macro.
Unit <Decoder4to2> synthesized.

Synthesizing Unit <Mux4to1>.
    Related source file is "C:\AllLab\Lab9\ALU_8bit.v".
    Summary:
	inferred   3 Multiplexer(s).
Unit <Mux4to1> synthesized.

=========================================================================
HDL Synthesis Report

Macro Statistics
# Adders/Subtractors                                   : 2
 8-bit adder                                           : 1
 8-bit subtractor                                      : 1
# Multiplexers                                         : 3
 8-bit 2-to-1 multiplexer                              : 3
# Xors                                                 : 1
 8-bit xor2                                            : 1

=========================================================================

=========================================================================
*                       Advanced HDL Synthesis                          *
=========================================================================


=========================================================================
Advanced HDL Synthesis Report

Macro Statistics
# Adders/Subtractors                                   : 2
 8-bit adder                                           : 1
 8-bit subtractor                                      : 1
# Multiplexers                                         : 3
 8-bit 2-to-1 multiplexer                              : 3
# Xors                                                 : 1
 8-bit xor2                                            : 1

=========================================================================

=========================================================================
*                         Low Level Synthesis                           *
=========================================================================

Optimizing unit <ALU_8bit> ...

Mapping all equations...
Building and optimizing final netlist ...
Found area constraint ratio of 100 (+ 5) on block ALU_8bit, actual ratio is 0.

Final Macro Processing ...

=========================================================================
Final Register Report

Found no macro
=========================================================================

=========================================================================
*                           Partition Report                            *
=========================================================================

Partition Implementation Status
-------------------------------

  No Partitions were found in this design.

-------------------------------

=========================================================================
*                            Design Summary                             *
=========================================================================

Top Level Output File Name         : ALU_8bit.ngc

Primitive and Black Box Usage:
------------------------------
# BELS                             : 72
#      GND                         : 1
#      LUT2                        : 24
#      LUT6                        : 16
#      MUXCY                       : 14
#      VCC                         : 1
#      XORCY                       : 16
# IO Buffers                       : 28
#      IBUF                        : 20
#      OBUF                        : 8

Device utilization summary:
---------------------------

Selected Device : 6slx9tqg144-3 


Slice Logic Utilization: 
 Number of Slice LUTs:                   40  out of   5720     0%  
    Number used as Logic:                40  out of   5720     0%  

Slice Logic Distribution: 
 Number of LUT Flip Flop pairs used:     40
   Number with an unused Flip Flop:      40  out of     40   100%  
   Number with an unused LUT:             0  out of     40     0%  
   Number of fully used LUT-FF pairs:     0  out of     40     0%  
   Number of unique control sets:         0

IO Utilization: 
 Number of IOs:                          28
 Number of bonded IOBs:                  28  out of    102    27%  

Specific Feature Utilization:

---------------------------
Partition Resource Summary:
---------------------------

  No Partitions were found in this design.

---------------------------


=========================================================================
Timing Report

NOTE: THESE TIMING NUMBERS ARE ONLY A SYNTHESIS ESTIMATE.
      FOR ACCURATE TIMING INFORMATION PLEASE REFER TO THE TRACE REPORT
      GENERATED AFTER PLACE-and-ROUTE.

Clock Information:
------------------
No clock signals found in this design

Asynchronous Control Signals Information:
----------------------------------------
No asynchronous control signals found in this design

Timing Summary:
---------------
Speed Grade: -3

   Minimum period: No path found
   Minimum input arrival time before clock: No path found
   Maximum output required time after clock: No path found
   Maximum combinational path delay: 7.615ns

Timing Details:
---------------
All values displayed in nanoseconds (ns)

=========================================================================
Timing constraint: Default path analysis
  Total number of paths / destination ports: 280 / 8
-------------------------------------------------------------------------
Delay:               7.615ns (Levels of Logic = 5)
  Source:            MODE<0> (PAD)
  Destination:       RES<0> (PAD)

  Data Path: MODE<0> to RES<0>
                                Gate     Net
    Cell:in->out      fanout   Delay   Delay  Logical Name (Net Name)
    ----------------------------------------  ------------
     IBUF:I->O            16   1.222   1.109  MODE_0_IBUF (MODE_0_IBUF)
     LUT2:I0->O            1   0.203   0.944  Mux41/Mmux_Out_Data11 (Mux41/Mmux_Out_Data1)
     LUT6:I0->O            1   0.203   0.580  Mux41/Mmux_Out_Data12 (Mux41/Mmux_Out_Data11)
     LUT6:I5->O            1   0.205   0.579  Mux41/Mmux_Out_Data13 (RES_0_OBUF)
     OBUF:I->O                 2.571          RES_0_OBUF (RES<0>)
    ----------------------------------------
    Total                      7.615ns (4.404ns logic, 3.211ns route)
                                       (57.8% logic, 42.2% route)

=========================================================================

Cross Clock Domains Report:
--------------------------

=========================================================================


Total REAL time to Xst completion: 5.00 secs
Total CPU time to Xst completion: 5.63 secs
 
--> 

Total memory usage is 4509436 kilobytes

Number of errors   :    0 (   0 filtered)
Number of warnings :    1 (   0 filtered)
Number of infos    :    0 (   0 filtered)

