Release 14.7 - xst P.20131013 (nt64)
Copyright (c) 1995-2013 Xilinx, Inc.  All rights reserved.
--> Parameter TMPDIR set to xst/projnav.tmp


Total REAL time to Xst completion: 0.00 secs
Total CPU time to Xst completion: 0.12 secs
 
--> Parameter xsthdpdir set to xst


Total REAL time to Xst completion: 0.00 secs
Total CPU time to Xst completion: 0.12 secs
 
--> Reading design: main.prj

TABLE OF CONTENTS
  1) Synthesis Options Summary
  2) HDL Parsing
  3) HDL Elaboration
  4) HDL Synthesis
       4.1) HDL Synthesis Report
  5) Advanced HDL Synthesis
       5.1) Advanced HDL Synthesis Report
  6) Low Level Synthesis
  7) Partition Report
  8) Design Summary
       8.1) Primitive and Black Box Usage
       8.2) Device utilization summary
       8.3) Partition Resource Summary
       8.4) Timing Report
            8.4.1) Clock Information
            8.4.2) Asynchronous Control Signals Information
            8.4.3) Timing Summary
            8.4.4) Timing Details
            8.4.5) Cross Clock Domains Report


=========================================================================
*                      Synthesis Options Summary                        *
=========================================================================
---- Source Parameters
Input File Name                    : "main.prj"
Ignore Synthesis Constraint File   : NO

---- Target Parameters
Output File Name                   : "main"
Output Format                      : NGC
Target Device                      : xc6slx9-3-tqg144

---- Source Options
Top Module Name                    : main
Automatic FSM Extraction           : YES
FSM Encoding Algorithm             : Auto
Safe Implementation                : No
FSM Style                          : LUT
RAM Extraction                     : Yes
RAM Style                          : Auto
ROM Extraction                     : Yes
Shift Register Extraction          : YES
ROM Style                          : Auto
Resource Sharing                   : YES
Asynchronous To Synchronous        : NO
Shift Register Minimum Size        : 2
Use DSP Block                      : Auto
Automatic Register Balancing       : No

---- Target Options
LUT Combining                      : Auto
Reduce Control Sets                : Auto
Add IO Buffers                     : YES
Global Maximum Fanout              : 100000
Add Generic Clock Buffer(BUFG)     : 16
Register Duplication               : YES
Optimize Instantiated Primitives   : NO
Use Clock Enable                   : Auto
Use Synchronous Set                : Auto
Use Synchronous Reset              : Auto
Pack IO Registers into IOBs        : Auto
Equivalent register Removal        : YES

---- General Options
Optimization Goal                  : Speed
Optimization Effort                : 1
Power Reduction                    : NO
Keep Hierarchy                     : No
Netlist Hierarchy                  : As_Optimized
RTL Output                         : Yes
Global Optimization                : AllClockNets
Read Cores                         : YES
Write Timing Constraints           : NO
Cross Clock Analysis               : NO
Hierarchy Separator                : /
Bus Delimiter                      : <>
Case Specifier                     : Maintain
Slice Utilization Ratio            : 100
BRAM Utilization Ratio             : 100
DSP48 Utilization Ratio            : 100
Auto BRAM Packing                  : NO
Slice Utilization Ratio Delta      : 5

=========================================================================


=========================================================================
*                          HDL Parsing                                  *
=========================================================================
Analyzing Verilog file "C:\AllLab\Lab9\Div5.vf" into library work
Parsing module <Div5>.
Analyzing Verilog file "C:\AllLab\Lab9\Div2.vf" into library work
Parsing module <Div2>.
Analyzing Verilog file "C:\AllLab\Lab9\Div10.vf" into library work
Parsing module <Div5_MUSER_Div10>.
Parsing module <Div2_MUSER_Div10>.
Parsing module <Div10>.
Analyzing Verilog file "C:\AllLab\Lab9\Hexto7seg.vf" into library work
Parsing module <D4_16E_HXILINX_Hexto7seg>.
Parsing module <NOR6_HXILINX_Hexto7seg>.
Parsing module <Hexto7seg>.
Analyzing Verilog file "C:\AllLab\Lab9\Divmain2.vf" into library work
Parsing module <Div5_MUSER_Divmain2>.
Parsing module <Div2_MUSER_Divmain2>.
Parsing module <Div10_MUSER_Divmain2>.
Parsing module <Divmain2>.
Analyzing Verilog file "C:\AllLab\Lab9\ALU_8bit.v" into library work
Parsing module <ALU_8bit>.
Parsing module <Add_8bit>.
Parsing module <Sub_8bit>.
Parsing module <Xor_8bit>.
Parsing module <Shf_8bit>.
Parsing module <Decoder4to2>.
Parsing module <Mux4to1>.
Analyzing Verilog file "C:\AllLab\Lab9\main.vf" into library work
Parsing module <D4_16E_HXILINX_main>.
Parsing module <NOR6_HXILINX_main>.
Parsing module <CB2RE_HXILINX_main>.
Parsing module <FD4CE_HXILINX_main>.
Parsing module <M4_1E_HXILINX_main>.
Parsing module <Div5_MUSER_main>.
Parsing module <Div2_MUSER_main>.
Parsing module <Div10_MUSER_main>.
Parsing module <Divmain2_MUSER_main>.
Parsing module <Hexto7seg_MUSER_main>.
Parsing module <main>.

=========================================================================
*                            HDL Elaboration                            *
=========================================================================

Elaborating module <main>.

Elaborating module <ALU_8bit>.

Elaborating module <Add_8bit>.

Elaborating module <Sub_8bit>.

Elaborating module <Xor_8bit>.

Elaborating module <Shf_8bit>.

Elaborating module <Decoder4to2>.

Elaborating module <Mux4to1>.

Elaborating module <FD4CE_HXILINX_main>.

Elaborating module <OR4>.

Elaborating module <VCC>.

Elaborating module <Hexto7seg_MUSER_main>.

Elaborating module <D4_16E_HXILINX_main>.

Elaborating module <NOR6_HXILINX_main>.

Elaborating module <NOR4>.

Elaborating module <NOR5>.

Elaborating module <NAND2B2>.

Elaborating module <NAND2B1>.

Elaborating module <NAND2>.

Elaborating module <M4_1E_HXILINX_main>.

Elaborating module <GND>.

Elaborating module <CB2RE_HXILINX_main>.
WARNING:HDLCompiler:413 - "C:\AllLab\Lab9\main.vf" Line 134: Result of 3-bit expression is truncated to fit in 2-bit target.

Elaborating module <Divmain2_MUSER_main>.

Elaborating module <Div2_MUSER_main>.

Elaborating module <FDC>.

Elaborating module <INV>.

Elaborating module <Div10_MUSER_main>.

Elaborating module <Div5_MUSER_main>.

Elaborating module <AND2>.
WARNING:HDLCompiler:552 - "C:\AllLab\Lab9\main.vf" Line 464: Input port CLR is not connected on this instance
WARNING:HDLCompiler:552 - "C:\AllLab\Lab9\main.vf" Line 535: Input port R is not connected on this instance

=========================================================================
*                           HDL Synthesis                               *
=========================================================================

Synthesizing Unit <main>.
    Related source file is "C:\AllLab\Lab9\main.vf".
    Set property "HU_SET = XLXI_4_12" for instance <XLXI_4>.
    Set property "HU_SET = XLXI_20_0_16" for instance <XLXI_20_0>.
    Set property "HU_SET = XLXI_20_1_15" for instance <XLXI_20_1>.
    Set property "HU_SET = XLXI_20_2_14" for instance <XLXI_20_2>.
    Set property "HU_SET = XLXI_20_3_13" for instance <XLXI_20_3>.
    Set property "HU_SET = XLXI_23_17" for instance <XLXI_23>.
    Set property "LOC = P112,P111,P105,P104,P102,P101,P100,P99" for signal <DIP>.
    Set property "LOC = P55,P56,P57,P58,P59,P61,P62,P66" for signal <SW>.
    Set property "LOC = P30,P33,P43,P44" for signal <Com>.
    Set property "LOC = P27,P29,P32,P34,P35,P40,P41" for signal <SEG>.
    Set property "LOC = P123" for signal <OSC>.
    Set property "LOC = P48" for signal <XLXN_5>.
    Set property "LOC = P47" for signal <XLXN_6>.
    Set property "LOC = P46" for signal <XLXN_7>.
    Set property "LOC = P45" for signal <XLXN_8>.
WARNING:Xst:2898 - Port 'CLR', unconnected in block instance 'XLXI_4', is tied to GND.
WARNING:Xst:2898 - Port 'R', unconnected in block instance 'XLXI_23', is tied to GND.
INFO:Xst:3210 - "C:\AllLab\Lab9\main.vf" line 535: Output port <CEO> of the instance <XLXI_23> is unconnected or connected to loadless signal.
INFO:Xst:3210 - "C:\AllLab\Lab9\main.vf" line 535: Output port <TC> of the instance <XLXI_23> is unconnected or connected to loadless signal.
    Summary:
	no macro.
Unit <main> synthesized.

Synthesizing Unit <ALU_8bit>.
    Related source file is "C:\AllLab\Lab9\ALU_8bit.v".
    Summary:
	no macro.
Unit <ALU_8bit> synthesized.

Synthesizing Unit <Add_8bit>.
    Related source file is "C:\AllLab\Lab9\ALU_8bit.v".
    Found 8-bit adder for signal <RES> created at line 45.
    Summary:
	inferred   1 Adder/Subtractor(s).
Unit <Add_8bit> synthesized.

Synthesizing Unit <Sub_8bit>.
    Related source file is "C:\AllLab\Lab9\ALU_8bit.v".
    Found 8-bit subtractor for signal <RES> created at line 52.
    Summary:
	inferred   1 Adder/Subtractor(s).
Unit <Sub_8bit> synthesized.

Synthesizing Unit <Xor_8bit>.
    Related source file is "C:\AllLab\Lab9\ALU_8bit.v".
    Summary:
Unit <Xor_8bit> synthesized.

Synthesizing Unit <Shf_8bit>.
    Related source file is "C:\AllLab\Lab9\ALU_8bit.v".
WARNING:Xst:647 - Input <A<7:7>> is never used. This port will be preserved and left unconnected if it belongs to a top-level block or it belongs to a sub-block and the hierarchy of this sub-block is preserved.
    Summary:
	no macro.
Unit <Shf_8bit> synthesized.

Synthesizing Unit <Decoder4to2>.
    Related source file is "C:\AllLab\Lab9\ALU_8bit.v".
    Summary:
	no macro.
Unit <Decoder4to2> synthesized.

Synthesizing Unit <Mux4to1>.
    Related source file is "C:\AllLab\Lab9\ALU_8bit.v".
    Summary:
	inferred   3 Multiplexer(s).
Unit <Mux4to1> synthesized.

Synthesizing Unit <FD4CE_HXILINX_main>.
    Related source file is "C:\AllLab\Lab9\main.vf".
    Found 1-bit register for signal <Q1>.
    Found 1-bit register for signal <Q2>.
    Found 1-bit register for signal <Q3>.
    Found 1-bit register for signal <Q0>.
    Summary:
	inferred   4 D-type flip-flop(s).
Unit <FD4CE_HXILINX_main> synthesized.

Synthesizing Unit <Hexto7seg_MUSER_main>.
    Related source file is "C:\AllLab\Lab9\main.vf".
    Set property "HU_SET = XLXI_1_9" for instance <XLXI_1>.
    Set property "HU_SET = XLXI_2_10" for instance <XLXI_2>.
    Set property "HU_SET = XLXI_5_11" for instance <XLXI_5>.
INFO:Xst:3210 - "C:\AllLab\Lab9\main.vf" line 337: Output port <D8> of the instance <XLXI_1> is unconnected or connected to loadless signal.
    Summary:
	no macro.
Unit <Hexto7seg_MUSER_main> synthesized.

Synthesizing Unit <D4_16E_HXILINX_main>.
    Related source file is "C:\AllLab\Lab9\main.vf".
    Summary:
	inferred  16 Multiplexer(s).
Unit <D4_16E_HXILINX_main> synthesized.

Synthesizing Unit <NOR6_HXILINX_main>.
    Related source file is "C:\AllLab\Lab9\main.vf".
    Summary:
	no macro.
Unit <NOR6_HXILINX_main> synthesized.

Synthesizing Unit <M4_1E_HXILINX_main>.
    Related source file is "C:\AllLab\Lab9\main.vf".
    Found 1-bit 4-to-1 multiplexer for signal <S1_D3_Mux_0_o> created at line 196.
    Summary:
	inferred   2 Multiplexer(s).
Unit <M4_1E_HXILINX_main> synthesized.

Synthesizing Unit <CB2RE_HXILINX_main>.
    Related source file is "C:\AllLab\Lab9\main.vf".
    Found 1-bit register for signal <Q1>.
    Found 1-bit register for signal <Q0>.
    Found 2-bit adder for signal <Q1_GND_22_o_add_1_OUT> created at line 134.
    Summary:
	inferred   1 Adder/Subtractor(s).
	inferred   2 D-type flip-flop(s).
Unit <CB2RE_HXILINX_main> synthesized.

Synthesizing Unit <Divmain2_MUSER_main>.
    Related source file is "C:\AllLab\Lab9\main.vf".
    Summary:
	no macro.
Unit <Divmain2_MUSER_main> synthesized.

Synthesizing Unit <Div2_MUSER_main>.
    Related source file is "C:\AllLab\Lab9\main.vf".
    Summary:
	no macro.
Unit <Div2_MUSER_main> synthesized.

Synthesizing Unit <Div10_MUSER_main>.
    Related source file is "C:\AllLab\Lab9\main.vf".
    Summary:
	no macro.
Unit <Div10_MUSER_main> synthesized.

Synthesizing Unit <Div5_MUSER_main>.
    Related source file is "C:\AllLab\Lab9\main.vf".
    Summary:
	no macro.
Unit <Div5_MUSER_main> synthesized.

=========================================================================
HDL Synthesis Report

Macro Statistics
# Adders/Subtractors                                   : 3
 2-bit adder                                           : 1
 8-bit adder                                           : 1
 8-bit subtractor                                      : 1
# Registers                                            : 5
 1-bit register                                        : 4
 2-bit register                                        : 1
# Multiplexers                                         : 27
 1-bit 2-to-1 multiplexer                              : 20
 1-bit 4-to-1 multiplexer                              : 4
 8-bit 2-to-1 multiplexer                              : 3
# Xors                                                 : 1
 8-bit xor2                                            : 1

=========================================================================

=========================================================================
*                       Advanced HDL Synthesis                          *
=========================================================================


Synthesizing (advanced) Unit <CB2RE_HXILINX_main>.
The following registers are absorbed into counter <Q0_Q1>: 1 register on signal <Q0_Q1>.
Unit <CB2RE_HXILINX_main> synthesized (advanced).

=========================================================================
Advanced HDL Synthesis Report

Macro Statistics
# Adders/Subtractors                                   : 2
 8-bit adder                                           : 1
 8-bit subtractor                                      : 1
# Counters                                             : 1
 2-bit up counter                                      : 1
# Registers                                            : 21
 Flip-Flops                                            : 21
# Multiplexers                                         : 27
 1-bit 2-to-1 multiplexer                              : 20
 1-bit 4-to-1 multiplexer                              : 4
 8-bit 2-to-1 multiplexer                              : 3
# Xors                                                 : 1
 8-bit xor2                                            : 1

=========================================================================

=========================================================================
*                         Low Level Synthesis                           *
=========================================================================

Optimizing unit <main> ...

Optimizing unit <FD4CE_HXILINX_main> ...

Optimizing unit <Hexto7seg_MUSER_main> ...

Optimizing unit <ALU_8bit> ...

Optimizing unit <CB2RE_HXILINX_main> ...

Optimizing unit <M4_1E_HXILINX_main> ...

Optimizing unit <D4_16E_HXILINX_main> ...

Optimizing unit <NOR6_HXILINX_main> ...

Mapping all equations...
Building and optimizing final netlist ...
Found area constraint ratio of 100 (+ 5) on block main, actual ratio is 1.

Final Macro Processing ...

=========================================================================
Final Register Report

Macro Statistics
# Registers                                            : 23
 Flip-Flops                                            : 23

=========================================================================

=========================================================================
*                           Partition Report                            *
=========================================================================

Partition Implementation Status
-------------------------------

  No Partitions were found in this design.

-------------------------------

=========================================================================
*                            Design Summary                             *
=========================================================================

Top Level Output File Name         : main.ngc

Primitive and Black Box Usage:
------------------------------
# BELS                             : 116
#      AND2                        : 4
#      GND                         : 1
#      INV                         : 18
#      LUT2                        : 24
#      LUT4                        : 19
#      LUT5                        : 1
#      LUT6                        : 17
#      MUXCY                       : 14
#      OR4                         : 1
#      VCC                         : 1
#      XORCY                       : 16
# FlipFlops/Latches                : 23
#      FD                          : 5
#      FDC                         : 12
#      FDE                         : 6
# Clock Buffers                    : 1
#      BUFGP                       : 1
# IO Buffers                       : 31
#      IBUF                        : 20
#      OBUF                        : 11
# Logical                          : 9
#      NAND2                       : 1
#      NAND2B1                     : 2
#      NAND2B2                     : 1
#      NOR4                        : 3
#      NOR5                        : 2

Device utilization summary:
---------------------------

Selected Device : 6slx9tqg144-3 


Slice Logic Utilization: 
 Number of Slice Registers:              23  out of  11440     0%  
 Number of Slice LUTs:                   79  out of   5720     1%  
    Number used as Logic:                79  out of   5720     1%  

Slice Logic Distribution: 
 Number of LUT Flip Flop pairs used:    102
   Number with an unused Flip Flop:      79  out of    102    77%  
   Number with an unused LUT:            23  out of    102    22%  
   Number of fully used LUT-FF pairs:     0  out of    102     0%  
   Number of unique control sets:        19

IO Utilization: 
 Number of IOs:                          32
 Number of bonded IOBs:                  32  out of    102    31%  

Specific Feature Utilization:
 Number of BUFG/BUFGCTRLs:                1  out of     16     6%  

---------------------------
Partition Resource Summary:
---------------------------

  No Partitions were found in this design.

---------------------------


=========================================================================
Timing Report

NOTE: THESE TIMING NUMBERS ARE ONLY A SYNTHESIS ESTIMATE.
      FOR ACCURATE TIMING INFORMATION PLEASE REFER TO THE TRACE REPORT
      GENERATED AFTER PLACE-and-ROUTE.

Clock Information:
------------------
-----------------------------------+-----------------------------------+-------+
Clock Signal                       | Clock buffer(FF name)             | Load  |
-----------------------------------+-----------------------------------+-------+
XLXI_26/XLXI_2/XLXI_2/XLXN_1       | NONE(XLXI_26/XLXI_2/XLXI_2/XLXI_9)| 1     |
XLXI_26/XLXI_2/XLXI_2/XLXN_17      | NONE(XLXI_26/XLXI_2/XLXI_2/XLXI_1)| 1     |
XLXI_26/XLXI_2/XLXN_1              | NONE(XLXI_26/XLXI_2/XLXI_2/XLXI_2)| 1     |
XLXI_26/XLXI_3/XLXI_2/XLXN_1       | NONE(XLXI_26/XLXI_3/XLXI_2/XLXI_9)| 1     |
XLXI_26/XLXI_3/XLXI_2/XLXN_17      | NONE(XLXI_26/XLXI_3/XLXI_2/XLXI_1)| 1     |
XLXI_26/XLXI_3/XLXN_1              | NONE(XLXI_26/XLXI_3/XLXI_2/XLXI_2)| 1     |
XLXI_26/XLXI_4/XLXI_2/XLXN_1       | NONE(XLXI_26/XLXI_4/XLXI_2/XLXI_9)| 1     |
XLXI_26/XLXI_4/XLXI_2/XLXN_17      | NONE(XLXI_26/XLXI_4/XLXI_2/XLXI_1)| 1     |
XLXI_26/XLXI_4/XLXN_1              | NONE(XLXI_26/XLXI_4/XLXI_2/XLXI_2)| 1     |
XLXI_26/XLXI_5/XLXI_2/XLXN_1       | NONE(XLXI_26/XLXI_5/XLXI_2/XLXI_9)| 1     |
XLXI_26/XLXI_5/XLXI_2/XLXN_17      | NONE(XLXI_26/XLXI_5/XLXI_2/XLXI_1)| 1     |
XLXI_26/XLXI_5/XLXN_1              | NONE(XLXI_26/XLXI_5/XLXI_2/XLXI_2)| 1     |
XLXN_9(XLXI_5:O)                   | NONE(*)(XLXI_4/Q1)                | 4     |
XLXN_71                            | NONE(XLXI_23/Q0_Q1_1)             | 2     |
OSC                                | BUFGP                             | 1     |
XLXI_26/XLXN_4                     | NONE(XLXI_26/XLXI_5/XLXI_1/XLXI_5)| 1     |
XLXI_26/XLXN_3                     | NONE(XLXI_26/XLXI_4/XLXI_1/XLXI_5)| 1     |
XLXI_26/XLXN_2                     | NONE(XLXI_26/XLXI_3/XLXI_1/XLXI_5)| 1     |
XLXI_26/XLXN_1                     | NONE(XLXI_26/XLXI_2/XLXI_1/XLXI_5)| 1     |
-----------------------------------+-----------------------------------+-------+
(*) This 1 clock signal(s) are generated by combinatorial logic,
and XST is not able to identify which are the primary clock signals.
Please use the CLOCK_SIGNAL constraint to specify the clock signal(s) generated by combinatorial logic.
INFO:Xst:2169 - HDL ADVISOR - Some clock signals were not automatically buffered by XST with BUFG/BUFR resources. Please use the buffer_type constraint in order to insert these buffers to the clock signals to help prevent skew problems.

Asynchronous Control Signals Information:
----------------------------------------
No asynchronous control signals found in this design

Timing Summary:
---------------
Speed Grade: -3

   Minimum period: 2.778ns (Maximum Frequency: 359.997MHz)
   Minimum input arrival time before clock: 1.940ns
   Maximum output required time after clock: 9.537ns
   Maximum combinational path delay: 10.887ns

Timing Details:
---------------
All values displayed in nanoseconds (ns)

=========================================================================
Timing constraint: Default period analysis for Clock 'XLXI_26/XLXI_2/XLXI_2/XLXN_1'
  Clock period: 2.746ns (frequency: 364.232MHz)
  Total number of paths / destination ports: 2 / 2
-------------------------------------------------------------------------
Delay:               2.746ns (Levels of Logic = 1)
  Source:            XLXI_26/XLXI_2/XLXI_2/XLXI_9 (FF)
  Destination:       XLXI_26/XLXI_2/XLXI_2/XLXI_9 (FF)
  Source Clock:      XLXI_26/XLXI_2/XLXI_2/XLXN_1 falling
  Destination Clock: XLXI_26/XLXI_2/XLXI_2/XLXN_1 falling

  Data Path: XLXI_26/XLXI_2/XLXI_2/XLXI_9 to XLXI_26/XLXI_2/XLXI_2/XLXI_9
                                Gate     Net
    Cell:in->out      fanout   Delay   Delay  Logical Name (Net Name)
    ----------------------------------------  ------------
     FDC:C->Q              3   0.447   1.015  XLXI_26/XLXI_2/XLXI_2/XLXI_9 (XLXI_26/XLXN_2)
     AND2:I0->O            3   0.203   0.650  XLXI_26/XLXI_2/XLXI_2/XLXI_19 (XLXI_26/XLXI_2/XLXI_2/XLXN_20)
     FDC:CLR                   0.430          XLXI_26/XLXI_2/XLXI_2/XLXI_9
    ----------------------------------------
    Total                      2.746ns (1.080ns logic, 1.665ns route)
                                       (39.3% logic, 60.7% route)

=========================================================================
Timing constraint: Default period analysis for Clock 'XLXI_26/XLXI_2/XLXI_2/XLXN_17'
  Clock period: 2.312ns (frequency: 432.507MHz)
  Total number of paths / destination ports: 1 / 1
-------------------------------------------------------------------------
Delay:               2.312ns (Levels of Logic = 1)
  Source:            XLXI_26/XLXI_2/XLXI_2/XLXI_1 (FF)
  Destination:       XLXI_26/XLXI_2/XLXI_2/XLXI_1 (FF)
  Source Clock:      XLXI_26/XLXI_2/XLXI_2/XLXN_17 falling
  Destination Clock: XLXI_26/XLXI_2/XLXI_2/XLXN_17 falling

  Data Path: XLXI_26/XLXI_2/XLXI_2/XLXI_1 to XLXI_26/XLXI_2/XLXI_2/XLXI_1
                                Gate     Net
    Cell:in->out      fanout   Delay   Delay  Logical Name (Net Name)
    ----------------------------------------  ------------
     FDC:C->Q              1   0.447   0.579  XLXI_26/XLXI_2/XLXI_2/XLXI_1 (XLXI_26/XLXI_2/XLXI_2/XLXN_1)
     INV:I->O              2   0.568   0.616  XLXI_26/XLXI_2/XLXI_2/XLXI_8 (XLXI_26/XLXI_2/XLXI_2/XLXN_13)
     FDC:D                     0.102          XLXI_26/XLXI_2/XLXI_2/XLXI_1
    ----------------------------------------
    Total                      2.312ns (1.117ns logic, 1.195ns route)
                                       (48.3% logic, 51.7% route)

=========================================================================
Timing constraint: Default period analysis for Clock 'XLXI_26/XLXI_2/XLXN_1'
  Clock period: 2.712ns (frequency: 368.800MHz)
  Total number of paths / destination ports: 2 / 2
-------------------------------------------------------------------------
Delay:               2.712ns (Levels of Logic = 1)
  Source:            XLXI_26/XLXI_2/XLXI_2/XLXI_2 (FF)
  Destination:       XLXI_26/XLXI_2/XLXI_2/XLXI_2 (FF)
  Source Clock:      XLXI_26/XLXI_2/XLXN_1 rising
  Destination Clock: XLXI_26/XLXI_2/XLXN_1 rising

  Data Path: XLXI_26/XLXI_2/XLXI_2/XLXI_2 to XLXI_26/XLXI_2/XLXI_2/XLXI_2
                                Gate     Net
    Cell:in->out      fanout   Delay   Delay  Logical Name (Net Name)
    ----------------------------------------  ------------
     FDC:C->Q              2   0.447   0.961  XLXI_26/XLXI_2/XLXI_2/XLXI_2 (XLXI_26/XLXI_2/XLXI_2/XLXN_17)
     AND2:I1->O            3   0.223   0.650  XLXI_26/XLXI_2/XLXI_2/XLXI_19 (XLXI_26/XLXI_2/XLXI_2/XLXN_20)
     FDC:CLR                   0.430          XLXI_26/XLXI_2/XLXI_2/XLXI_2
    ----------------------------------------
    Total                      2.712ns (1.100ns logic, 1.612ns route)
                                       (40.6% logic, 59.4% route)

=========================================================================
Timing constraint: Default period analysis for Clock 'XLXI_26/XLXI_3/XLXI_2/XLXN_1'
  Clock period: 2.746ns (frequency: 364.232MHz)
  Total number of paths / destination ports: 2 / 2
-------------------------------------------------------------------------
Delay:               2.746ns (Levels of Logic = 1)
  Source:            XLXI_26/XLXI_3/XLXI_2/XLXI_9 (FF)
  Destination:       XLXI_26/XLXI_3/XLXI_2/XLXI_9 (FF)
  Source Clock:      XLXI_26/XLXI_3/XLXI_2/XLXN_1 falling
  Destination Clock: XLXI_26/XLXI_3/XLXI_2/XLXN_1 falling

  Data Path: XLXI_26/XLXI_3/XLXI_2/XLXI_9 to XLXI_26/XLXI_3/XLXI_2/XLXI_9
                                Gate     Net
    Cell:in->out      fanout   Delay   Delay  Logical Name (Net Name)
    ----------------------------------------  ------------
     FDC:C->Q              3   0.447   1.015  XLXI_26/XLXI_3/XLXI_2/XLXI_9 (XLXI_26/XLXN_3)
     AND2:I0->O            3   0.203   0.650  XLXI_26/XLXI_3/XLXI_2/XLXI_19 (XLXI_26/XLXI_3/XLXI_2/XLXN_20)
     FDC:CLR                   0.430          XLXI_26/XLXI_3/XLXI_2/XLXI_9
    ----------------------------------------
    Total                      2.746ns (1.080ns logic, 1.665ns route)
                                       (39.3% logic, 60.7% route)

=========================================================================
Timing constraint: Default period analysis for Clock 'XLXI_26/XLXI_3/XLXI_2/XLXN_17'
  Clock period: 2.312ns (frequency: 432.507MHz)
  Total number of paths / destination ports: 1 / 1
-------------------------------------------------------------------------
Delay:               2.312ns (Levels of Logic = 1)
  Source:            XLXI_26/XLXI_3/XLXI_2/XLXI_1 (FF)
  Destination:       XLXI_26/XLXI_3/XLXI_2/XLXI_1 (FF)
  Source Clock:      XLXI_26/XLXI_3/XLXI_2/XLXN_17 falling
  Destination Clock: XLXI_26/XLXI_3/XLXI_2/XLXN_17 falling

  Data Path: XLXI_26/XLXI_3/XLXI_2/XLXI_1 to XLXI_26/XLXI_3/XLXI_2/XLXI_1
                                Gate     Net
    Cell:in->out      fanout   Delay   Delay  Logical Name (Net Name)
    ----------------------------------------  ------------
     FDC:C->Q              1   0.447   0.579  XLXI_26/XLXI_3/XLXI_2/XLXI_1 (XLXI_26/XLXI_3/XLXI_2/XLXN_1)
     INV:I->O              2   0.568   0.616  XLXI_26/XLXI_3/XLXI_2/XLXI_8 (XLXI_26/XLXI_3/XLXI_2/XLXN_13)
     FDC:D                     0.102          XLXI_26/XLXI_3/XLXI_2/XLXI_1
    ----------------------------------------
    Total                      2.312ns (1.117ns logic, 1.195ns route)
                                       (48.3% logic, 51.7% route)

=========================================================================
Timing constraint: Default period analysis for Clock 'XLXI_26/XLXI_3/XLXN_1'
  Clock period: 2.712ns (frequency: 368.800MHz)
  Total number of paths / destination ports: 2 / 2
-------------------------------------------------------------------------
Delay:               2.712ns (Levels of Logic = 1)
  Source:            XLXI_26/XLXI_3/XLXI_2/XLXI_2 (FF)
  Destination:       XLXI_26/XLXI_3/XLXI_2/XLXI_2 (FF)
  Source Clock:      XLXI_26/XLXI_3/XLXN_1 rising
  Destination Clock: XLXI_26/XLXI_3/XLXN_1 rising

  Data Path: XLXI_26/XLXI_3/XLXI_2/XLXI_2 to XLXI_26/XLXI_3/XLXI_2/XLXI_2
                                Gate     Net
    Cell:in->out      fanout   Delay   Delay  Logical Name (Net Name)
    ----------------------------------------  ------------
     FDC:C->Q              2   0.447   0.961  XLXI_26/XLXI_3/XLXI_2/XLXI_2 (XLXI_26/XLXI_3/XLXI_2/XLXN_17)
     AND2:I1->O            3   0.223   0.650  XLXI_26/XLXI_3/XLXI_2/XLXI_19 (XLXI_26/XLXI_3/XLXI_2/XLXN_20)
     FDC:CLR                   0.430          XLXI_26/XLXI_3/XLXI_2/XLXI_2
    ----------------------------------------
    Total                      2.712ns (1.100ns logic, 1.612ns route)
                                       (40.6% logic, 59.4% route)

=========================================================================
Timing constraint: Default period analysis for Clock 'XLXI_26/XLXI_4/XLXI_2/XLXN_1'
  Clock period: 2.746ns (frequency: 364.232MHz)
  Total number of paths / destination ports: 2 / 2
-------------------------------------------------------------------------
Delay:               2.746ns (Levels of Logic = 1)
  Source:            XLXI_26/XLXI_4/XLXI_2/XLXI_9 (FF)
  Destination:       XLXI_26/XLXI_4/XLXI_2/XLXI_9 (FF)
  Source Clock:      XLXI_26/XLXI_4/XLXI_2/XLXN_1 falling
  Destination Clock: XLXI_26/XLXI_4/XLXI_2/XLXN_1 falling

  Data Path: XLXI_26/XLXI_4/XLXI_2/XLXI_9 to XLXI_26/XLXI_4/XLXI_2/XLXI_9
                                Gate     Net
    Cell:in->out      fanout   Delay   Delay  Logical Name (Net Name)
    ----------------------------------------  ------------
     FDC:C->Q              3   0.447   1.015  XLXI_26/XLXI_4/XLXI_2/XLXI_9 (XLXI_26/XLXN_4)
     AND2:I0->O            3   0.203   0.650  XLXI_26/XLXI_4/XLXI_2/XLXI_19 (XLXI_26/XLXI_4/XLXI_2/XLXN_20)
     FDC:CLR                   0.430          XLXI_26/XLXI_4/XLXI_2/XLXI_9
    ----------------------------------------
    Total                      2.746ns (1.080ns logic, 1.665ns route)
                                       (39.3% logic, 60.7% route)

=========================================================================
Timing constraint: Default period analysis for Clock 'XLXI_26/XLXI_4/XLXI_2/XLXN_17'
  Clock period: 2.312ns (frequency: 432.507MHz)
  Total number of paths / destination ports: 1 / 1
-------------------------------------------------------------------------
Delay:               2.312ns (Levels of Logic = 1)
  Source:            XLXI_26/XLXI_4/XLXI_2/XLXI_1 (FF)
  Destination:       XLXI_26/XLXI_4/XLXI_2/XLXI_1 (FF)
  Source Clock:      XLXI_26/XLXI_4/XLXI_2/XLXN_17 falling
  Destination Clock: XLXI_26/XLXI_4/XLXI_2/XLXN_17 falling

  Data Path: XLXI_26/XLXI_4/XLXI_2/XLXI_1 to XLXI_26/XLXI_4/XLXI_2/XLXI_1
                                Gate     Net
    Cell:in->out      fanout   Delay   Delay  Logical Name (Net Name)
    ----------------------------------------  ------------
     FDC:C->Q              1   0.447   0.579  XLXI_26/XLXI_4/XLXI_2/XLXI_1 (XLXI_26/XLXI_4/XLXI_2/XLXN_1)
     INV:I->O              2   0.568   0.616  XLXI_26/XLXI_4/XLXI_2/XLXI_8 (XLXI_26/XLXI_4/XLXI_2/XLXN_13)
     FDC:D                     0.102          XLXI_26/XLXI_4/XLXI_2/XLXI_1
    ----------------------------------------
    Total                      2.312ns (1.117ns logic, 1.195ns route)
                                       (48.3% logic, 51.7% route)

=========================================================================
Timing constraint: Default period analysis for Clock 'XLXI_26/XLXI_4/XLXN_1'
  Clock period: 2.712ns (frequency: 368.800MHz)
  Total number of paths / destination ports: 2 / 2
-------------------------------------------------------------------------
Delay:               2.712ns (Levels of Logic = 1)
  Source:            XLXI_26/XLXI_4/XLXI_2/XLXI_2 (FF)
  Destination:       XLXI_26/XLXI_4/XLXI_2/XLXI_2 (FF)
  Source Clock:      XLXI_26/XLXI_4/XLXN_1 rising
  Destination Clock: XLXI_26/XLXI_4/XLXN_1 rising

  Data Path: XLXI_26/XLXI_4/XLXI_2/XLXI_2 to XLXI_26/XLXI_4/XLXI_2/XLXI_2
                                Gate     Net
    Cell:in->out      fanout   Delay   Delay  Logical Name (Net Name)
    ----------------------------------------  ------------
     FDC:C->Q              2   0.447   0.961  XLXI_26/XLXI_4/XLXI_2/XLXI_2 (XLXI_26/XLXI_4/XLXI_2/XLXN_17)
     AND2:I1->O            3   0.223   0.650  XLXI_26/XLXI_4/XLXI_2/XLXI_19 (XLXI_26/XLXI_4/XLXI_2/XLXN_20)
     FDC:CLR                   0.430          XLXI_26/XLXI_4/XLXI_2/XLXI_2
    ----------------------------------------
    Total                      2.712ns (1.100ns logic, 1.612ns route)
                                       (40.6% logic, 59.4% route)

=========================================================================
Timing constraint: Default period analysis for Clock 'XLXI_26/XLXI_5/XLXI_2/XLXN_1'
  Clock period: 2.778ns (frequency: 359.997MHz)
  Total number of paths / destination ports: 2 / 2
-------------------------------------------------------------------------
Delay:               2.778ns (Levels of Logic = 1)
  Source:            XLXI_26/XLXI_5/XLXI_2/XLXI_9 (FF)
  Destination:       XLXI_26/XLXI_5/XLXI_2/XLXI_9 (FF)
  Source Clock:      XLXI_26/XLXI_5/XLXI_2/XLXN_1 falling
  Destination Clock: XLXI_26/XLXI_5/XLXI_2/XLXN_1 falling

  Data Path: XLXI_26/XLXI_5/XLXI_2/XLXI_9 to XLXI_26/XLXI_5/XLXI_2/XLXI_9
                                Gate     Net
    Cell:in->out      fanout   Delay   Delay  Logical Name (Net Name)
    ----------------------------------------  ------------
     FDC:C->Q              4   0.447   1.048  XLXI_26/XLXI_5/XLXI_2/XLXI_9 (XLXN_71)
     AND2:I0->O            3   0.203   0.650  XLXI_26/XLXI_5/XLXI_2/XLXI_19 (XLXI_26/XLXI_5/XLXI_2/XLXN_20)
     FDC:CLR                   0.430          XLXI_26/XLXI_5/XLXI_2/XLXI_9
    ----------------------------------------
    Total                      2.778ns (1.080ns logic, 1.698ns route)
                                       (38.9% logic, 61.1% route)

=========================================================================
Timing constraint: Default period analysis for Clock 'XLXI_26/XLXI_5/XLXI_2/XLXN_17'
  Clock period: 2.312ns (frequency: 432.507MHz)
  Total number of paths / destination ports: 1 / 1
-------------------------------------------------------------------------
Delay:               2.312ns (Levels of Logic = 1)
  Source:            XLXI_26/XLXI_5/XLXI_2/XLXI_1 (FF)
  Destination:       XLXI_26/XLXI_5/XLXI_2/XLXI_1 (FF)
  Source Clock:      XLXI_26/XLXI_5/XLXI_2/XLXN_17 falling
  Destination Clock: XLXI_26/XLXI_5/XLXI_2/XLXN_17 falling

  Data Path: XLXI_26/XLXI_5/XLXI_2/XLXI_1 to XLXI_26/XLXI_5/XLXI_2/XLXI_1
                                Gate     Net
    Cell:in->out      fanout   Delay   Delay  Logical Name (Net Name)
    ----------------------------------------  ------------
     FDC:C->Q              1   0.447   0.579  XLXI_26/XLXI_5/XLXI_2/XLXI_1 (XLXI_26/XLXI_5/XLXI_2/XLXN_1)
     INV:I->O              2   0.568   0.616  XLXI_26/XLXI_5/XLXI_2/XLXI_8 (XLXI_26/XLXI_5/XLXI_2/XLXN_13)
     FDC:D                     0.102          XLXI_26/XLXI_5/XLXI_2/XLXI_1
    ----------------------------------------
    Total                      2.312ns (1.117ns logic, 1.195ns route)
                                       (48.3% logic, 51.7% route)

=========================================================================
Timing constraint: Default period analysis for Clock 'XLXI_26/XLXI_5/XLXN_1'
  Clock period: 2.712ns (frequency: 368.800MHz)
  Total number of paths / destination ports: 2 / 2
-------------------------------------------------------------------------
Delay:               2.712ns (Levels of Logic = 1)
  Source:            XLXI_26/XLXI_5/XLXI_2/XLXI_2 (FF)
  Destination:       XLXI_26/XLXI_5/XLXI_2/XLXI_2 (FF)
  Source Clock:      XLXI_26/XLXI_5/XLXN_1 rising
  Destination Clock: XLXI_26/XLXI_5/XLXN_1 rising

  Data Path: XLXI_26/XLXI_5/XLXI_2/XLXI_2 to XLXI_26/XLXI_5/XLXI_2/XLXI_2
                                Gate     Net
    Cell:in->out      fanout   Delay   Delay  Logical Name (Net Name)
    ----------------------------------------  ------------
     FDC:C->Q              2   0.447   0.961  XLXI_26/XLXI_5/XLXI_2/XLXI_2 (XLXI_26/XLXI_5/XLXI_2/XLXN_17)
     AND2:I1->O            3   0.223   0.650  XLXI_26/XLXI_5/XLXI_2/XLXI_19 (XLXI_26/XLXI_5/XLXI_2/XLXN_20)
     FDC:CLR                   0.430          XLXI_26/XLXI_5/XLXI_2/XLXI_2
    ----------------------------------------
    Total                      2.712ns (1.100ns logic, 1.612ns route)
                                       (40.6% logic, 59.4% route)

=========================================================================
Timing constraint: Default period analysis for Clock 'XLXN_71'
  Clock period: 2.190ns (frequency: 456.663MHz)
  Total number of paths / destination ports: 3 / 2
-------------------------------------------------------------------------
Delay:               2.190ns (Levels of Logic = 1)
  Source:            XLXI_23/Q0_Q1_1 (FF)
  Destination:       XLXI_23/Q0_Q1_1 (FF)
  Source Clock:      XLXN_71 rising
  Destination Clock: XLXN_71 rising

  Data Path: XLXI_23/Q0_Q1_1 to XLXI_23/Q0_Q1_1
                                Gate     Net
    Cell:in->out      fanout   Delay   Delay  Logical Name (Net Name)
    ----------------------------------------  ------------
     FDE:C->Q             10   0.447   0.856  Q0_Q1_1 (Q0_Q1_1)
     INV:I->O              1   0.206   0.579  Mcount_Q0_Q1_xor<0>11_INV_0 (Result<0>)
     FDE:D                     0.102          Q0_Q1_1
    ----------------------------------------
    Total                      2.190ns (0.755ns logic, 1.435ns route)
                                       (34.5% logic, 65.5% route)

=========================================================================
Timing constraint: Default period analysis for Clock 'OSC'
  Clock period: 2.312ns (frequency: 432.507MHz)
  Total number of paths / destination ports: 1 / 1
-------------------------------------------------------------------------
Delay:               2.312ns (Levels of Logic = 1)
  Source:            XLXI_26/XLXI_1/XLXI_5 (FF)
  Destination:       XLXI_26/XLXI_1/XLXI_5 (FF)
  Source Clock:      OSC rising
  Destination Clock: OSC rising

  Data Path: XLXI_26/XLXI_1/XLXI_5 to XLXI_26/XLXI_1/XLXI_5
                                Gate     Net
    Cell:in->out      fanout   Delay   Delay  Logical Name (Net Name)
    ----------------------------------------  ------------
     FD:C->Q               2   0.447   0.616  XLXI_26/XLXI_1/XLXI_5 (XLXI_26/XLXN_1)
     INV:I->O              1   0.568   0.579  XLXI_26/XLXI_1/XLXI_10 (XLXI_26/XLXI_1/XLXN_34)
     FD:D                      0.102          XLXI_26/XLXI_1/XLXI_5
    ----------------------------------------
    Total                      2.312ns (1.117ns logic, 1.195ns route)
                                       (48.3% logic, 51.7% route)

=========================================================================
Timing constraint: Default period analysis for Clock 'XLXI_26/XLXN_4'
  Clock period: 2.312ns (frequency: 432.507MHz)
  Total number of paths / destination ports: 1 / 1
-------------------------------------------------------------------------
Delay:               2.312ns (Levels of Logic = 1)
  Source:            XLXI_26/XLXI_5/XLXI_1/XLXI_5 (FF)
  Destination:       XLXI_26/XLXI_5/XLXI_1/XLXI_5 (FF)
  Source Clock:      XLXI_26/XLXN_4 rising
  Destination Clock: XLXI_26/XLXN_4 rising

  Data Path: XLXI_26/XLXI_5/XLXI_1/XLXI_5 to XLXI_26/XLXI_5/XLXI_1/XLXI_5
                                Gate     Net
    Cell:in->out      fanout   Delay   Delay  Logical Name (Net Name)
    ----------------------------------------  ------------
     FD:C->Q               2   0.447   0.616  XLXI_26/XLXI_5/XLXI_1/XLXI_5 (XLXI_26/XLXI_5/XLXN_1)
     INV:I->O              1   0.568   0.579  XLXI_26/XLXI_5/XLXI_1/XLXI_10 (XLXI_26/XLXI_5/XLXI_1/XLXN_34)
     FD:D                      0.102          XLXI_26/XLXI_5/XLXI_1/XLXI_5
    ----------------------------------------
    Total                      2.312ns (1.117ns logic, 1.195ns route)
                                       (48.3% logic, 51.7% route)

=========================================================================
Timing constraint: Default period analysis for Clock 'XLXI_26/XLXN_3'
  Clock period: 2.312ns (frequency: 432.507MHz)
  Total number of paths / destination ports: 1 / 1
-------------------------------------------------------------------------
Delay:               2.312ns (Levels of Logic = 1)
  Source:            XLXI_26/XLXI_4/XLXI_1/XLXI_5 (FF)
  Destination:       XLXI_26/XLXI_4/XLXI_1/XLXI_5 (FF)
  Source Clock:      XLXI_26/XLXN_3 rising
  Destination Clock: XLXI_26/XLXN_3 rising

  Data Path: XLXI_26/XLXI_4/XLXI_1/XLXI_5 to XLXI_26/XLXI_4/XLXI_1/XLXI_5
                                Gate     Net
    Cell:in->out      fanout   Delay   Delay  Logical Name (Net Name)
    ----------------------------------------  ------------
     FD:C->Q               2   0.447   0.616  XLXI_26/XLXI_4/XLXI_1/XLXI_5 (XLXI_26/XLXI_4/XLXN_1)
     INV:I->O              1   0.568   0.579  XLXI_26/XLXI_4/XLXI_1/XLXI_10 (XLXI_26/XLXI_4/XLXI_1/XLXN_34)
     FD:D                      0.102          XLXI_26/XLXI_4/XLXI_1/XLXI_5
    ----------------------------------------
    Total                      2.312ns (1.117ns logic, 1.195ns route)
                                       (48.3% logic, 51.7% route)

=========================================================================
Timing constraint: Default period analysis for Clock 'XLXI_26/XLXN_2'
  Clock period: 2.312ns (frequency: 432.507MHz)
  Total number of paths / destination ports: 1 / 1
-------------------------------------------------------------------------
Delay:               2.312ns (Levels of Logic = 1)
  Source:            XLXI_26/XLXI_3/XLXI_1/XLXI_5 (FF)
  Destination:       XLXI_26/XLXI_3/XLXI_1/XLXI_5 (FF)
  Source Clock:      XLXI_26/XLXN_2 rising
  Destination Clock: XLXI_26/XLXN_2 rising

  Data Path: XLXI_26/XLXI_3/XLXI_1/XLXI_5 to XLXI_26/XLXI_3/XLXI_1/XLXI_5
                                Gate     Net
    Cell:in->out      fanout   Delay   Delay  Logical Name (Net Name)
    ----------------------------------------  ------------
     FD:C->Q               2   0.447   0.616  XLXI_26/XLXI_3/XLXI_1/XLXI_5 (XLXI_26/XLXI_3/XLXN_1)
     INV:I->O              1   0.568   0.579  XLXI_26/XLXI_3/XLXI_1/XLXI_10 (XLXI_26/XLXI_3/XLXI_1/XLXN_34)
     FD:D                      0.102          XLXI_26/XLXI_3/XLXI_1/XLXI_5
    ----------------------------------------
    Total                      2.312ns (1.117ns logic, 1.195ns route)
                                       (48.3% logic, 51.7% route)

=========================================================================
Timing constraint: Default period analysis for Clock 'XLXI_26/XLXN_1'
  Clock period: 2.312ns (frequency: 432.507MHz)
  Total number of paths / destination ports: 1 / 1
-------------------------------------------------------------------------
Delay:               2.312ns (Levels of Logic = 1)
  Source:            XLXI_26/XLXI_2/XLXI_1/XLXI_5 (FF)
  Destination:       XLXI_26/XLXI_2/XLXI_1/XLXI_5 (FF)
  Source Clock:      XLXI_26/XLXN_1 rising
  Destination Clock: XLXI_26/XLXN_1 rising

  Data Path: XLXI_26/XLXI_2/XLXI_1/XLXI_5 to XLXI_26/XLXI_2/XLXI_1/XLXI_5
                                Gate     Net
    Cell:in->out      fanout   Delay   Delay  Logical Name (Net Name)
    ----------------------------------------  ------------
     FD:C->Q               2   0.447   0.616  XLXI_26/XLXI_2/XLXI_1/XLXI_5 (XLXI_26/XLXI_2/XLXN_1)
     INV:I->O              1   0.568   0.579  XLXI_26/XLXI_2/XLXI_1/XLXI_10 (XLXI_26/XLXI_2/XLXI_1/XLXN_34)
     FD:D                      0.102          XLXI_26/XLXI_2/XLXI_1/XLXI_5
    ----------------------------------------
    Total                      2.312ns (1.117ns logic, 1.195ns route)
                                       (48.3% logic, 51.7% route)

=========================================================================
Timing constraint: Default OFFSET IN BEFORE for Clock 'XLXN_9'
  Total number of paths / destination ports: 4 / 4
-------------------------------------------------------------------------
Offset:              1.940ns (Levels of Logic = 2)
  Source:            XLXN_6 (PAD)
  Destination:       XLXI_4/Q1 (FF)
  Destination Clock: XLXN_9 rising

  Data Path: XLXN_6 to XLXI_4/Q1
                                Gate     Net
    Cell:in->out      fanout   Delay   Delay  Logical Name (Net Name)
    ----------------------------------------  ------------
     IBUF:I->O             2   1.222   0.616  XLXN_6_IBUF (XLXN_6_IBUF)
     begin scope: 'XLXI_4:D1'
     FDE:D                     0.102          Q1
    ----------------------------------------
    Total                      1.940ns (1.324ns logic, 0.616ns route)
                                       (68.2% logic, 31.8% route)

=========================================================================
Timing constraint: Default OFFSET OUT AFTER for Clock 'XLXN_71'
  Total number of paths / destination ports: 280 / 11
-------------------------------------------------------------------------
Offset:              7.601ns (Levels of Logic = 7)
  Source:            XLXI_23/Q0_Q1_1 (FF)
  Destination:       SEG<6> (PAD)
  Source Clock:      XLXN_71 rising

  Data Path: XLXI_23/Q0_Q1_1 to SEG<6>
                                Gate     Net
    Cell:in->out      fanout   Delay   Delay  Logical Name (Net Name)
    ----------------------------------------  ------------
     FDE:C->Q             10   0.447   1.085  Q0_Q1_1 (Q0_Q1_1)
     end scope: 'XLXI_23:Q0'
     begin scope: 'XLXI_20_0:S0'
     LUT4:I1->O           15   0.205   1.229  Mmux_O11 (O)
     end scope: 'XLXI_20_0:O'
     begin scope: 'XLXI_19/XLXI_1:A0'
     LUT4:I0->O            5   0.203   1.059  Mmux_D1111 (D1)
     end scope: 'XLXI_19/XLXI_1:D1'
     NOR4:I1->O            1   0.223   0.579  XLXI_19/XLXI_7 (SEG_6_OBUF)
     OBUF:I->O                 2.571          SEG_6_OBUF (SEG<6>)
    ----------------------------------------
    Total                      7.601ns (3.649ns logic, 3.952ns route)
                                       (48.0% logic, 52.0% route)

=========================================================================
Timing constraint: Default OFFSET OUT AFTER for Clock 'XLXN_9'
  Total number of paths / destination ports: 1870 / 7
-------------------------------------------------------------------------
Offset:              9.537ns (Levels of Logic = 9)
  Source:            XLXI_4/Q2 (FF)
  Destination:       SEG<6> (PAD)
  Source Clock:      XLXN_9 rising

  Data Path: XLXI_4/Q2 to SEG<6>
                                Gate     Net
    Cell:in->out      fanout   Delay   Delay  Logical Name (Net Name)
    ----------------------------------------  ------------
     FDE:C->Q             16   0.447   1.369  Q2 (Q2)
     end scope: 'XLXI_4:Q2'
     LUT6:I0->O            1   0.203   0.580  XLXI_1/Mux41/Mmux_Out_Data32 (XLXI_1/Mux41/Mmux_Out_Data31)
     LUT6:I5->O            1   0.205   0.684  XLXI_1/Mux41/Mmux_Out_Data33 (RES<2>)
     begin scope: 'XLXI_20_2:D0'
     LUT4:I2->O           15   0.203   1.210  Mmux_O11 (O)
     end scope: 'XLXI_20_2:O'
     begin scope: 'XLXI_19/XLXI_1:A2'
     LUT4:I1->O            5   0.205   1.059  Mmux_D1111 (D1)
     end scope: 'XLXI_19/XLXI_1:D1'
     NOR4:I1->O            1   0.223   0.579  XLXI_19/XLXI_7 (SEG_6_OBUF)
     OBUF:I->O                 2.571          SEG_6_OBUF (SEG<6>)
    ----------------------------------------
    Total                      9.537ns (4.057ns logic, 5.480ns route)
                                       (42.5% logic, 57.5% route)

=========================================================================
Timing constraint: Default path analysis
  Total number of paths / destination ports: 7582 / 7
-------------------------------------------------------------------------
Delay:               10.887ns (Levels of Logic = 13)
  Source:            SW<0> (PAD)
  Destination:       SEG<6> (PAD)

  Data Path: SW<0> to SEG<6>
                                Gate     Net
    Cell:in->out      fanout   Delay   Delay  Logical Name (Net Name)
    ----------------------------------------  ------------
     IBUF:I->O             4   1.222   0.788  SW_0_IBUF (SW_0_IBUF)
     LUT2:I0->O            1   0.203   0.000  XLXI_1/Sub8/Msub_RES_lut<0> (XLXI_1/Sub8/Msub_RES_lut<0>)
     MUXCY:S->O            1   0.172   0.000  XLXI_1/Sub8/Msub_RES_cy<0> (XLXI_1/Sub8/Msub_RES_cy<0>)
     MUXCY:CI->O           1   0.019   0.000  XLXI_1/Sub8/Msub_RES_cy<1> (XLXI_1/Sub8/Msub_RES_cy<1>)
     XORCY:CI->O           1   0.180   0.580  XLXI_1/Sub8/Msub_RES_xor<2> (XLXI_1/AsubB<2>)
     LUT6:I5->O            1   0.205   0.580  XLXI_1/Mux41/Mmux_Out_Data32 (XLXI_1/Mux41/Mmux_Out_Data31)
     LUT6:I5->O            1   0.205   0.684  XLXI_1/Mux41/Mmux_Out_Data33 (RES<2>)
     begin scope: 'XLXI_20_2:D0'
     LUT4:I2->O           15   0.203   1.210  Mmux_O11 (O)
     end scope: 'XLXI_20_2:O'
     begin scope: 'XLXI_19/XLXI_1:A2'
     LUT4:I1->O            5   0.205   1.059  Mmux_D1111 (D1)
     end scope: 'XLXI_19/XLXI_1:D1'
     NOR4:I1->O            1   0.223   0.579  XLXI_19/XLXI_7 (SEG_6_OBUF)
     OBUF:I->O                 2.571          SEG_6_OBUF (SEG<6>)
    ----------------------------------------
    Total                     10.887ns (5.408ns logic, 5.479ns route)
                                       (49.7% logic, 50.3% route)

=========================================================================

Cross Clock Domains Report:
--------------------------

Clock to Setup on destination clock OSC
---------------+---------+---------+---------+---------+
               | Src:Rise| Src:Fall| Src:Rise| Src:Fall|
Source Clock   |Dest:Rise|Dest:Rise|Dest:Fall|Dest:Fall|
---------------+---------+---------+---------+---------+
OSC            |    2.312|         |         |         |
---------------+---------+---------+---------+---------+

Clock to Setup on destination clock XLXI_26/XLXI_2/XLXI_2/XLXN_1
----------------------------+---------+---------+---------+---------+
                            | Src:Rise| Src:Fall| Src:Rise| Src:Fall|
Source Clock                |Dest:Rise|Dest:Rise|Dest:Fall|Dest:Fall|
----------------------------+---------+---------+---------+---------+
XLXI_26/XLXI_2/XLXI_2/XLXN_1|         |         |    2.746|         |
XLXI_26/XLXI_2/XLXN_1       |         |         |    2.712|         |
----------------------------+---------+---------+---------+---------+

Clock to Setup on destination clock XLXI_26/XLXI_2/XLXI_2/XLXN_17
-----------------------------+---------+---------+---------+---------+
                             | Src:Rise| Src:Fall| Src:Rise| Src:Fall|
Source Clock                 |Dest:Rise|Dest:Rise|Dest:Fall|Dest:Fall|
-----------------------------+---------+---------+---------+---------+
XLXI_26/XLXI_2/XLXI_2/XLXN_1 |         |         |    2.746|         |
XLXI_26/XLXI_2/XLXI_2/XLXN_17|         |         |    2.312|         |
XLXI_26/XLXI_2/XLXN_1        |         |         |    2.712|         |
-----------------------------+---------+---------+---------+---------+

Clock to Setup on destination clock XLXI_26/XLXI_2/XLXN_1
----------------------------+---------+---------+---------+---------+
                            | Src:Rise| Src:Fall| Src:Rise| Src:Fall|
Source Clock                |Dest:Rise|Dest:Rise|Dest:Fall|Dest:Fall|
----------------------------+---------+---------+---------+---------+
XLXI_26/XLXI_2/XLXI_2/XLXN_1|         |    2.746|         |         |
XLXI_26/XLXI_2/XLXN_1       |    2.712|         |         |         |
----------------------------+---------+---------+---------+---------+

Clock to Setup on destination clock XLXI_26/XLXI_3/XLXI_2/XLXN_1
----------------------------+---------+---------+---------+---------+
                            | Src:Rise| Src:Fall| Src:Rise| Src:Fall|
Source Clock                |Dest:Rise|Dest:Rise|Dest:Fall|Dest:Fall|
----------------------------+---------+---------+---------+---------+
XLXI_26/XLXI_3/XLXI_2/XLXN_1|         |         |    2.746|         |
XLXI_26/XLXI_3/XLXN_1       |         |         |    2.712|         |
----------------------------+---------+---------+---------+---------+

Clock to Setup on destination clock XLXI_26/XLXI_3/XLXI_2/XLXN_17
-----------------------------+---------+---------+---------+---------+
                             | Src:Rise| Src:Fall| Src:Rise| Src:Fall|
Source Clock                 |Dest:Rise|Dest:Rise|Dest:Fall|Dest:Fall|
-----------------------------+---------+---------+---------+---------+
XLXI_26/XLXI_3/XLXI_2/XLXN_1 |         |         |    2.746|         |
XLXI_26/XLXI_3/XLXI_2/XLXN_17|         |         |    2.312|         |
XLXI_26/XLXI_3/XLXN_1        |         |         |    2.712|         |
-----------------------------+---------+---------+---------+---------+

Clock to Setup on destination clock XLXI_26/XLXI_3/XLXN_1
----------------------------+---------+---------+---------+---------+
                            | Src:Rise| Src:Fall| Src:Rise| Src:Fall|
Source Clock                |Dest:Rise|Dest:Rise|Dest:Fall|Dest:Fall|
----------------------------+---------+---------+---------+---------+
XLXI_26/XLXI_3/XLXI_2/XLXN_1|         |    2.746|         |         |
XLXI_26/XLXI_3/XLXN_1       |    2.712|         |         |         |
----------------------------+---------+---------+---------+---------+

Clock to Setup on destination clock XLXI_26/XLXI_4/XLXI_2/XLXN_1
----------------------------+---------+---------+---------+---------+
                            | Src:Rise| Src:Fall| Src:Rise| Src:Fall|
Source Clock                |Dest:Rise|Dest:Rise|Dest:Fall|Dest:Fall|
----------------------------+---------+---------+---------+---------+
XLXI_26/XLXI_4/XLXI_2/XLXN_1|         |         |    2.746|         |
XLXI_26/XLXI_4/XLXN_1       |         |         |    2.712|         |
----------------------------+---------+---------+---------+---------+

Clock to Setup on destination clock XLXI_26/XLXI_4/XLXI_2/XLXN_17
-----------------------------+---------+---------+---------+---------+
                             | Src:Rise| Src:Fall| Src:Rise| Src:Fall|
Source Clock                 |Dest:Rise|Dest:Rise|Dest:Fall|Dest:Fall|
-----------------------------+---------+---------+---------+---------+
XLXI_26/XLXI_4/XLXI_2/XLXN_1 |         |         |    2.746|         |
XLXI_26/XLXI_4/XLXI_2/XLXN_17|         |         |    2.312|         |
XLXI_26/XLXI_4/XLXN_1        |         |         |    2.712|         |
-----------------------------+---------+---------+---------+---------+

Clock to Setup on destination clock XLXI_26/XLXI_4/XLXN_1
----------------------------+---------+---------+---------+---------+
                            | Src:Rise| Src:Fall| Src:Rise| Src:Fall|
Source Clock                |Dest:Rise|Dest:Rise|Dest:Fall|Dest:Fall|
----------------------------+---------+---------+---------+---------+
XLXI_26/XLXI_4/XLXI_2/XLXN_1|         |    2.746|         |         |
XLXI_26/XLXI_4/XLXN_1       |    2.712|         |         |         |
----------------------------+---------+---------+---------+---------+

Clock to Setup on destination clock XLXI_26/XLXI_5/XLXI_2/XLXN_1
----------------------------+---------+---------+---------+---------+
                            | Src:Rise| Src:Fall| Src:Rise| Src:Fall|
Source Clock                |Dest:Rise|Dest:Rise|Dest:Fall|Dest:Fall|
----------------------------+---------+---------+---------+---------+
XLXI_26/XLXI_5/XLXI_2/XLXN_1|         |         |    2.778|         |
XLXI_26/XLXI_5/XLXN_1       |         |         |    2.712|         |
----------------------------+---------+---------+---------+---------+

Clock to Setup on destination clock XLXI_26/XLXI_5/XLXI_2/XLXN_17
-----------------------------+---------+---------+---------+---------+
                             | Src:Rise| Src:Fall| Src:Rise| Src:Fall|
Source Clock                 |Dest:Rise|Dest:Rise|Dest:Fall|Dest:Fall|
-----------------------------+---------+---------+---------+---------+
XLXI_26/XLXI_5/XLXI_2/XLXN_1 |         |         |    2.778|         |
XLXI_26/XLXI_5/XLXI_2/XLXN_17|         |         |    2.312|         |
XLXI_26/XLXI_5/XLXN_1        |         |         |    2.712|         |
-----------------------------+---------+---------+---------+---------+

Clock to Setup on destination clock XLXI_26/XLXI_5/XLXN_1
----------------------------+---------+---------+---------+---------+
                            | Src:Rise| Src:Fall| Src:Rise| Src:Fall|
Source Clock                |Dest:Rise|Dest:Rise|Dest:Fall|Dest:Fall|
----------------------------+---------+---------+---------+---------+
XLXI_26/XLXI_5/XLXI_2/XLXN_1|         |    2.778|         |         |
XLXI_26/XLXI_5/XLXN_1       |    2.712|         |         |         |
----------------------------+---------+---------+---------+---------+

Clock to Setup on destination clock XLXI_26/XLXN_1
---------------+---------+---------+---------+---------+
               | Src:Rise| Src:Fall| Src:Rise| Src:Fall|
Source Clock   |Dest:Rise|Dest:Rise|Dest:Fall|Dest:Fall|
---------------+---------+---------+---------+---------+
XLXI_26/XLXN_1 |    2.312|         |         |         |
---------------+---------+---------+---------+---------+

Clock to Setup on destination clock XLXI_26/XLXN_2
---------------+---------+---------+---------+---------+
               | Src:Rise| Src:Fall| Src:Rise| Src:Fall|
Source Clock   |Dest:Rise|Dest:Rise|Dest:Fall|Dest:Fall|
---------------+---------+---------+---------+---------+
XLXI_26/XLXN_2 |    2.312|         |         |         |
---------------+---------+---------+---------+---------+

Clock to Setup on destination clock XLXI_26/XLXN_3
---------------+---------+---------+---------+---------+
               | Src:Rise| Src:Fall| Src:Rise| Src:Fall|
Source Clock   |Dest:Rise|Dest:Rise|Dest:Fall|Dest:Fall|
---------------+---------+---------+---------+---------+
XLXI_26/XLXN_3 |    2.312|         |         |         |
---------------+---------+---------+---------+---------+

Clock to Setup on destination clock XLXI_26/XLXN_4
---------------+---------+---------+---------+---------+
               | Src:Rise| Src:Fall| Src:Rise| Src:Fall|
Source Clock   |Dest:Rise|Dest:Rise|Dest:Fall|Dest:Fall|
---------------+---------+---------+---------+---------+
XLXI_26/XLXN_4 |    2.312|         |         |         |
---------------+---------+---------+---------+---------+

Clock to Setup on destination clock XLXN_71
---------------+---------+---------+---------+---------+
               | Src:Rise| Src:Fall| Src:Rise| Src:Fall|
Source Clock   |Dest:Rise|Dest:Rise|Dest:Fall|Dest:Fall|
---------------+---------+---------+---------+---------+
XLXN_71        |    2.190|         |         |         |
---------------+---------+---------+---------+---------+

=========================================================================


Total REAL time to Xst completion: 6.00 secs
Total CPU time to Xst completion: 6.43 secs
 
--> 

Total memory usage is 4509436 kilobytes

Number of errors   :    0 (   0 filtered)
Number of warnings :    6 (   0 filtered)
Number of infos    :    4 (   0 filtered)

