--------------------------------------------------------------------------------
Release 14.7 Trace  (nt64)
Copyright (c) 1995-2013 Xilinx, Inc.  All rights reserved.

C:\Xilinx\14.7\ISE_DS\ISE\bin\nt64\unwrapped\trce.exe -intstyle ise -v 3 -s 3
-n 3 -fastpaths -xml main.twx main.ncd -o main.twr main.pcf

Design file:              main.ncd
Physical constraint file: main.pcf
Device,package,speed:     xc6slx9,tqg144,C,-3 (PRODUCTION 1.23 2013-10-13)
Report level:             verbose report

Environment Variable      Effect 
--------------------      ------ 
NONE                      No environment variables were set
--------------------------------------------------------------------------------

INFO:Timing:2698 - No timing constraints found, doing default enumeration.
INFO:Timing:3412 - To improve timing, see the Timing Closure User Guide (UG612).
INFO:Timing:2752 - To get complete path coverage, use the unconstrained paths 
   option. All paths that are not constrained will be reported in the 
   unconstrained paths section(s) of the report.
INFO:Timing:3339 - The clock-to-out numbers in this timing report are based on 
   a 50 Ohm transmission line loading model.  For the details of this model, 
   and for more information on accounting for different loading conditions, 
   please see the device datasheet.



Data Sheet report:
-----------------
All values displayed in nanoseconds (ns)

Clock In47 to Pad
------------+-----------------+------------+-----------------+------------+------------------+--------+
            |Max (slowest) clk|  Process   |Min (fastest) clk|  Process   |                  | Clock  |
Destination |  (edge) to PAD  |   Corner   |  (edge) to PAD  |   Corner   |Internal Clock(s) | Phase  |
------------+-----------------+------------+-----------------+------------+------------------+--------+
Buzzer      |        10.629(R)|      SLOW  |         5.952(R)|      FAST  |XLXN_35           |   0.000|
a           |        10.972(R)|      SLOW  |         5.928(R)|      FAST  |XLXN_35           |   0.000|
b           |        10.534(R)|      SLOW  |         5.859(R)|      FAST  |XLXN_35           |   0.000|
c           |        10.066(R)|      SLOW  |         5.569(R)|      FAST  |XLXN_35           |   0.000|
d           |        11.264(R)|      SLOW  |         5.363(R)|      FAST  |XLXN_35           |   0.000|
e           |        10.481(R)|      SLOW  |         5.925(R)|      FAST  |XLXN_35           |   0.000|
f           |        11.059(R)|      SLOW  |         5.692(R)|      FAST  |XLXN_35           |   0.000|
g           |        10.997(R)|      SLOW  |         5.603(R)|      FAST  |XLXN_35           |   0.000|
------------+-----------------+------------+-----------------+------------+------------------+--------+

Clock to Setup on destination clock CLK
---------------+---------+---------+---------+---------+
               | Src:Rise| Src:Fall| Src:Rise| Src:Fall|
Source Clock   |Dest:Rise|Dest:Rise|Dest:Fall|Dest:Fall|
---------------+---------+---------+---------+---------+
CLK            |    0.909|         |         |         |
---------------+---------+---------+---------+---------+

Clock to Setup on destination clock In47
---------------+---------+---------+---------+---------+
               | Src:Rise| Src:Fall| Src:Rise| Src:Fall|
Source Clock   |Dest:Rise|Dest:Rise|Dest:Fall|Dest:Fall|
---------------+---------+---------+---------+---------+
In47           |    1.330|         |         |         |
---------------+---------+---------+---------+---------+


Analysis completed Sun Oct 20 22:24:34 2019 
--------------------------------------------------------------------------------

Trace Settings:
-------------------------
Trace Settings 

Peak Memory Usage: 4572 MB



